Build started 11/28/2015 11:41:39 PM.
     1>Project "D:\Home\Engine\Example\Client\HelloWorld\win\HelloWorld.vcxproj" on node 2 (Build target(s)).
     1>ClCompile:
         C:\Program Files (x86)\Microsoft Visual Studio 14.0\VC\bin\CL.exe /c /ID:\Home\Engine\Example\Client\HelloWorld\win\..\ /ID:\Home\Engine\Example\Client\HelloWorld\win\..\..\..\..\Medusa\Medusa /ID:\Home\Engine\Example\Client\HelloWorld\win\..\..\..\..\Medusa\Medusa\Lib\Common\freetype /ID:\Home\Engine\Example\Client\HelloWorld\win\..\..\..\..\Medusa\Medusa\Lib\Common\OGLES /ID:\Home\Engine\Example\Client\HelloWorld\win\..\..\..\..\Medusa\MedusaCore /ID:\Home\Engine\Example\Client\HelloWorld\win\..\..\..\..\Medusa\MedusaCore\CoreLib\Common /ID:\Home\Engine\Example\Client\HelloWorld\win\..\..\..\..\Medusa\MedusaCore\CoreLib\win\zlib /ID:\Home\Engine\Example\Client\HelloWorld\win\..\..\..\..\Medusa\MedusaCore\CoreLib\Common\zip /ID:\Home\Engine\Example\Client\HelloWorld\win\..\..\..\..\Medusa\MedusaCore\CoreLib\Common\angelscript\nclude /ZI /nologo /W3 /WX- /MP /Od /Oy- /D WIN32 /D _DEBUG /D _WINDOWS /D _USRDLL /D _UNICODE /D UNICODE /Gm- /EHsc /RTC1 /MDd /GS /fp:precise /Zc:wchar_t /Zc:forScope /Zc:inline /Fo"Debug\\" /Fd"D:\Home\Engine\Medusa\Debug\HelloWorld.pdb" /Gd /TP /analyze- /errorReport:prompt ..\Game\HelloWorldGame.cpp ..\Game\HelloWorldLayer.cpp ..\Game\HelloWorldScene.cpp main.cpp
         HelloWorldGame.cpp
         HelloWorldLayer.cpp
         HelloWorldScene.cpp
         main.cpp
     1>c:\program files (x86)\windows kits\8.1\include\um\dbghelp.h(1544): warning C4091: 'typedef ': ignored on left of '' when no variable is declared (compiling source file main.cpp)
     1>c:\program files (x86)\windows kits\8.1\include\um\dbghelp.h(3190): warning C4091: 'typedef ': ignored on left of '' when no variable is declared (compiling source file main.cpp)
     1>c:\program files (x86)\windows kits\8.1\include\um\dbghelp.h(1544): warning C4091: 'typedef ': ignored on left of '' when no variable is declared (compiling source file ..\Game\HelloWorldLayer.cpp)
     1>c:\program files (x86)\windows kits\8.1\include\um\dbghelp.h(3190): warning C4091: 'typedef ': ignored on left of '' when no variable is declared (compiling source file ..\Game\HelloWorldLayer.cpp)
     1>c:\program files (x86)\windows kits\8.1\include\um\dbghelp.h(1544): warning C4091: 'typedef ': ignored on left of '' when no variable is declared (compiling source file ..\Game\HelloWorldGame.cpp)
     1>c:\program files (x86)\windows kits\8.1\include\um\dbghelp.h(1544): warning C4091: 'typedef ': ignored on left of '' when no variable is declared (compiling source file ..\Game\HelloWorldScene.cpp)
     1>c:\program files (x86)\windows kits\8.1\include\um\dbghelp.h(3190): warning C4091: 'typedef ': ignored on left of '' when no variable is declared (compiling source file ..\Game\HelloWorldGame.cpp)
     1>c:\program files (x86)\windows kits\8.1\include\um\dbghelp.h(3190): warning C4091: 'typedef ': ignored on left of '' when no variable is declared (compiling source file ..\Game\HelloWorldScene.cpp)
       Link:
         C:\Program Files (x86)\Microsoft Visual Studio 14.0\VC\bin\link.exe /ERRORREPORT:PROMPT /OUT:"D:\Home\Engine\Medusa\Debug\HelloWorld.exe" /INCREMENTAL /NOLOGO /LIBPATH:D:\Home\Engine\Medusa\Debug\ MedusaCore.lib Medusa.lib kernel32.lib user32.lib gdi32.lib winspool.lib comdlg32.lib advapi32.lib shell32.lib ole32.lib oleaut32.lib uuid.lib odbc32.lib odbccp32.lib kernel32.lib user32.lib gdi32.lib winspool.lib comdlg32.lib advapi32.lib shell32.lib ole32.lib oleaut32.lib uuid.lib odbc32.lib odbccp32.lib /NODEFAULTLIB:libcmt.lib /NODEFAULTLIB:libcmtd.lib /NODEFAULTLIB:msvcrt.lib /MANIFEST /MANIFESTUAC:"level='asInvoker' uiAccess='false'" /manifest:embed /Debug /PDB:"D:\Home\Engine\Medusa\Debug\HelloWorld.pdb" /SUBSYSTEM:WINDOWS /TLBID:1 /DYNAMICBASE /NXCOMPAT /IMPLIB:"D:\Home\Engine\Medusa\Debug\HelloWorld.lib" /MACHINE:X86 /PROFILE Debug\HelloWorldGame.obj
         Debug\HelloWorldLayer.obj
         Debug\HelloWorldScene.obj
         Debug\main.obj
     1>LINK : warning LNK4075: ignoring '/INCREMENTAL' due to '/PROFILE' specification
     1>HelloWorldGame.obj : warning LNK4075: ignoring '/EDITANDCONTINUE' due to '/OPT:LBR' specification
         HelloWorld.vcxproj -> D:\Home\Engine\Medusa\Debug\HelloWorld.exe
       PostBuildEvent:
         xcopy /Y /Q  /E /I "D:\Home\Engine\Example\Client\HelloWorld\win\..\Resource" "D:\Home\Engine\Medusa\Debug\Resource"
         :VCEnd
         66 File(s) copied
     1>Done Building Project "D:\Home\Engine\Example\Client\HelloWorld\win\HelloWorld.vcxproj" (Build target(s)).

Build succeeded.

Time Elapsed 00:01:05.72
